<?xml version="1.0" encoding="UTF-8"?>
<!-- Generated by org.testng.reporters.JUnitReportReporter -->
<testsuite hostname="GPIT-LPT-013" failures="0" tests="1" name="Depot.Login" time="17.665" errors="0" timestamp="2025-07-07T12:38:43 IST" skipped="0">
  <testcase classname="Depot.Login" name="testLogin" time="17.665"/>
</testsuite> <!-- Depot.Login -->
