<?xml version="1.0" encoding="UTF-8"?>
<!-- Generated by org.testng.reporters.JUnitReportReporter -->
<testsuite hostname="GPIT-PC-029" failures="0" tests="1" name="Depot.Login" time="15.161" errors="0" timestamp="2025-07-07T11:09:57 IST" skipped="0">
  <testcase classname="Depot.Login" name="testLogin" time="15.161"/>
</testsuite> <!-- Depot.Login -->
